<?xml version="1.0" encoding="UTF-8"?>
<!-- Generated by org.testng.reporters.JUnitXMLReporter -->
<testsuite hostname="Dimon-PC" name="Default test" tests="3" failures="0" timestamp="7 Jun 2015 22:06:16 GMT" time="2.498" errors="0">
  <testcase name="sendGet" time="1.605" classname="com.searchAPITest.HttpURLConnectionExample_GETTest"/>
  <testcase name="sendGet_1" time="0.485" classname="com.searchAPITest.HttpURLConnectionExample_GETTest"/>
  <testcase name="sendGet_2" time="0.366" classname="com.searchAPITest.HttpURLConnectionExample_GETTest"/>
</testsuite> <!-- Default test -->
